<?xml version="1.0" encoding="UTF-8"?>
<!-- Generated by org.testng.reporters.JUnitReportReporter -->
<testsuite hostname="MBP-Kamil" failures="0" tests="4" name="koel_PageTests_My.PlaylistTest_my" time="35.147" errors="0" timestamp="24 Sep 2020 02:40:19 GMT" skipped="0">
  <testcase classname="koel_PageTests_My.PlaylistTest_my" name="createPlaylistTest2" time="9.734"/>
  <testcase classname="koel_PageTests_My.PlaylistTest_my" name="createPlaylistTest1" time="8.667"/>
  <testcase classname="koel_PageTests_My.PlaylistTest_my" name="renamePlaylistTest1" time="8.438"/>
  <testcase classname="koel_PageTests_My.PlaylistTest_my" name="renamePlaylistTest2" time="8.308"/>
</testsuite> <!-- koel_PageTests_My.PlaylistTest_my -->
