<?xml version="1.0" encoding="UTF-8"?>
<!-- Generated by org.testng.reporters.JUnitReportReporter -->
<testsuite hostname="MBP-Kamil" failures="0" tests="6" name="koel_PageTests_My.PlaylistTest_my1" time="51.724" errors="0" timestamp="24 Sep 2020 02:40:19 GMT" skipped="2">
  <testcase classname="koel_PageTests_My.PlaylistTest_my1" name="createPlaylistTest22" time="9.494"/>
  <testcase classname="koel_PageTests_My.PlaylistTest_my1" name="createPlaylistTest11" time="8.592"/>
  <testcase classname="koel_PageTests_My.PlaylistTest_my1" name="renamePlaylistTest11" time="8.384">
    <skipped/>
  </testcase> <!-- renamePlaylistTest11 -->
  <testcase classname="koel_PageTests_My.PlaylistTest_my1" name="renamePlaylistTest11" time="8.794">
    <skipped/>
  </testcase> <!-- renamePlaylistTest11 -->
  <testcase classname="koel_PageTests_My.PlaylistTest_my1" name="renamePlaylistTest22" time="8.173"/>
  <testcase classname="koel_PageTests_My.PlaylistTest_my1" name="renamePlaylistTest11" time="8.287"/>
</testsuite> <!-- koel_PageTests_My.PlaylistTest_my1 -->
