<?xml version="1.0" encoding="UTF-8"?>
<!-- Generated by org.testng.reporters.JUnitReportReporter -->
<testsuite hostname="MBP-Kamil" failures="0" tests="7" name="koel_PageTests_My.LoginTest_my" time="55.127" errors="0" timestamp="24 Sep 2020 02:40:19 GMT" skipped="1">
  <testcase classname="koel_PageTests_My.LoginTest_my" name="negativeLoginTest2" time="11.244"/>
  <testcase classname="koel_PageTests_My.LoginTest_my" name="loginTest3" time="6.711"/>
  <testcase classname="koel_PageTests_My.LoginTest_my" name="loginTest1" time="6.762"/>
  <testcase classname="koel_PageTests_My.LoginTest_my" name="negativeLoginTest3" time="11.185"/>
  <testcase classname="koel_PageTests_My.LoginTest_my" name="loginTest4" time="8.062"/>
  <testcase classname="koel_PageTests_My.LoginTest_my" name="negativeLoginTest4" time="11.163"/>
  <testcase classname="koel_PageTests_My.LoginTest_my" name="negativeLoginTest1">
    <skipped/>
  </testcase> <!-- negativeLoginTest1 -->
</testsuite> <!-- koel_PageTests_My.LoginTest_my -->
